<?xml version="1.0" encoding="UTF-8"?>
<testsuite name="com.fullcycle.admin.catalogo.infrastructure.category.models.CategoryResponseTest" tests="2" skipped="0" failures="0" errors="0" timestamp="2022-06-27T18:13:07" hostname="damatta" time="0.066">
  <properties/>
  <testcase name="testMarshall()" classname="com.fullcycle.admin.catalogo.infrastructure.category.models.CategoryResponseTest" time="0.034"/>
  <testcase name="testUnmarshall()" classname="com.fullcycle.admin.catalogo.infrastructure.category.models.CategoryResponseTest" time="0.025"/>
  <system-out><![CDATA[2022-06-27 15:13:07.002  INFO 25609 --- [    Test worker] o.s.b.t.a.j.JsonTestContextBootstrapper  : Neither @ContextConfiguration nor @ContextHierarchy found for test class [com.fullcycle.admin.catalogo.infrastructure.category.models.CategoryResponseTest], using SpringBootContextLoader
2022-06-27 15:13:07.003  INFO 25609 --- [    Test worker] o.s.t.c.support.AbstractContextLoader    : Could not detect default resource locations for test class [com.fullcycle.admin.catalogo.infrastructure.category.models.CategoryResponseTest]: no resource found for suffixes {-context.xml, Context.groovy}.
2022-06-27 15:13:07.003  INFO 25609 --- [    Test worker] t.c.s.AnnotationConfigContextLoaderUtils : Could not detect default configuration classes for test class [com.fullcycle.admin.catalogo.infrastructure.category.models.CategoryResponseTest]: CategoryResponseTest does not declare any static, non-private, non-final, nested classes annotated with @Configuration.
2022-06-27 15:13:07.009  INFO 25609 --- [    Test worker] .b.t.c.SpringBootTestContextBootstrapper : Found @SpringBootConfiguration com.fullcycle.admin.catalogo.infrastructure.Main for test class com.fullcycle.admin.catalogo.infrastructure.category.models.CategoryResponseTest
2022-06-27 15:13:07.010  INFO 25609 --- [    Test worker] o.s.b.t.a.j.JsonTestContextBootstrapper  : Loaded default TestExecutionListener class names from location [META-INF/spring.factories]: [org.springframework.boot.test.autoconfigure.restdocs.RestDocsTestExecutionListener, org.springframework.boot.test.autoconfigure.web.client.MockRestServiceServerResetTestExecutionListener, org.springframework.boot.test.autoconfigure.web.servlet.MockMvcPrintOnlyOnFailureTestExecutionListener, org.springframework.boot.test.autoconfigure.web.servlet.WebDriverTestExecutionListener, org.springframework.boot.test.autoconfigure.webservices.client.MockWebServiceServerTestExecutionListener, org.springframework.boot.test.mock.mockito.MockitoTestExecutionListener, org.springframework.boot.test.mock.mockito.ResetMocksTestExecutionListener, org.springframework.test.context.web.ServletTestExecutionListener, org.springframework.test.context.support.DirtiesContextBeforeModesTestExecutionListener, org.springframework.test.context.event.ApplicationEventsTestExecutionListener, org.springframework.test.context.support.DependencyInjectionTestExecutionListener, org.springframework.test.context.support.DirtiesContextTestExecutionListener, org.springframework.test.context.transaction.TransactionalTestExecutionListener, org.springframework.test.context.jdbc.SqlScriptsTestExecutionListener, org.springframework.test.context.event.EventPublishingTestExecutionListener]
2022-06-27 15:13:07.011  INFO 25609 --- [    Test worker] o.s.b.t.a.j.JsonTestContextBootstrapper  : Using TestExecutionListeners: [org.springframework.test.context.web.ServletTestExecutionListener@259647f2, org.springframework.test.context.support.DirtiesContextBeforeModesTestExecutionListener@54c9c09c, org.springframework.test.context.event.ApplicationEventsTestExecutionListener@6517bc6b, org.springframework.boot.test.mock.mockito.MockitoTestExecutionListener@53d3d604, org.springframework.boot.test.autoconfigure.SpringBootDependencyInjectionTestExecutionListener@44eda25b, org.springframework.test.context.support.DirtiesContextTestExecutionListener@5e3a577a, org.springframework.test.context.transaction.TransactionalTestExecutionListener@6965c32, org.springframework.test.context.jdbc.SqlScriptsTestExecutionListener@4b38d912, org.springframework.test.context.event.EventPublishingTestExecutionListener@626e5554, org.springframework.boot.test.autoconfigure.restdocs.RestDocsTestExecutionListener@6ee34fe4, org.springframework.boot.test.autoconfigure.web.client.MockRestServiceServerResetTestExecutionListener@5aa0e9c6, org.springframework.boot.test.autoconfigure.web.servlet.MockMvcPrintOnlyOnFailureTestExecutionListener@57dd4bc9, org.springframework.boot.test.autoconfigure.web.servlet.WebDriverTestExecutionListener@47897093, org.springframework.boot.test.autoconfigure.webservices.client.MockWebServiceServerTestExecutionListener@33e19be9, org.springframework.boot.test.mock.mockito.ResetMocksTestExecutionListener@6ed2aa8a]
]]></system-out>
  <system-err><![CDATA[]]></system-err>
</testsuite>
