<?xml version="1.0" encoding="UTF-8"?>
<testsuite name="com.fullcycle.admin.catalogo.infrastructure.category.models.UpdateCategoryRequestTest" tests="1" skipped="0" failures="0" errors="0" timestamp="2022-06-27T18:13:07" hostname="damatta" time="0.008">
  <properties/>
  <testcase name="testUnmarshall()" classname="com.fullcycle.admin.catalogo.infrastructure.category.models.UpdateCategoryRequestTest" time="0.008"/>
  <system-out><![CDATA[2022-06-27 15:13:07.126  INFO 25609 --- [    Test worker] o.s.b.t.a.j.JsonTestContextBootstrapper  : Neither @ContextConfiguration nor @ContextHierarchy found for test class [com.fullcycle.admin.catalogo.infrastructure.category.models.UpdateCategoryRequestTest], using SpringBootContextLoader
2022-06-27 15:13:07.127  INFO 25609 --- [    Test worker] o.s.t.c.support.AbstractContextLoader    : Could not detect default resource locations for test class [com.fullcycle.admin.catalogo.infrastructure.category.models.UpdateCategoryRequestTest]: no resource found for suffixes {-context.xml, Context.groovy}.
2022-06-27 15:13:07.128  INFO 25609 --- [    Test worker] t.c.s.AnnotationConfigContextLoaderUtils : Could not detect default configuration classes for test class [com.fullcycle.admin.catalogo.infrastructure.category.models.UpdateCategoryRequestTest]: UpdateCategoryRequestTest does not declare any static, non-private, non-final, nested classes annotated with @Configuration.
2022-06-27 15:13:07.130  INFO 25609 --- [    Test worker] .b.t.c.SpringBootTestContextBootstrapper : Found @SpringBootConfiguration com.fullcycle.admin.catalogo.infrastructure.Main for test class com.fullcycle.admin.catalogo.infrastructure.category.models.UpdateCategoryRequestTest
2022-06-27 15:13:07.131  INFO 25609 --- [    Test worker] o.s.b.t.a.j.JsonTestContextBootstrapper  : Loaded default TestExecutionListener class names from location [META-INF/spring.factories]: [org.springframework.boot.test.autoconfigure.restdocs.RestDocsTestExecutionListener, org.springframework.boot.test.autoconfigure.web.client.MockRestServiceServerResetTestExecutionListener, org.springframework.boot.test.autoconfigure.web.servlet.MockMvcPrintOnlyOnFailureTestExecutionListener, org.springframework.boot.test.autoconfigure.web.servlet.WebDriverTestExecutionListener, org.springframework.boot.test.autoconfigure.webservices.client.MockWebServiceServerTestExecutionListener, org.springframework.boot.test.mock.mockito.MockitoTestExecutionListener, org.springframework.boot.test.mock.mockito.ResetMocksTestExecutionListener, org.springframework.test.context.web.ServletTestExecutionListener, org.springframework.test.context.support.DirtiesContextBeforeModesTestExecutionListener, org.springframework.test.context.event.ApplicationEventsTestExecutionListener, org.springframework.test.context.support.DependencyInjectionTestExecutionListener, org.springframework.test.context.support.DirtiesContextTestExecutionListener, org.springframework.test.context.transaction.TransactionalTestExecutionListener, org.springframework.test.context.jdbc.SqlScriptsTestExecutionListener, org.springframework.test.context.event.EventPublishingTestExecutionListener]
2022-06-27 15:13:07.135  INFO 25609 --- [    Test worker] o.s.b.t.a.j.JsonTestContextBootstrapper  : Using TestExecutionListeners: [org.springframework.test.context.web.ServletTestExecutionListener@121fe002, org.springframework.test.context.support.DirtiesContextBeforeModesTestExecutionListener@d45acab, org.springframework.test.context.event.ApplicationEventsTestExecutionListener@2778a7c3, org.springframework.boot.test.mock.mockito.MockitoTestExecutionListener@94ba90a, org.springframework.boot.test.autoconfigure.SpringBootDependencyInjectionTestExecutionListener@643947d1, org.springframework.test.context.support.DirtiesContextTestExecutionListener@44b99f09, org.springframework.test.context.transaction.TransactionalTestExecutionListener@261d7ee2, org.springframework.test.context.jdbc.SqlScriptsTestExecutionListener@724a80d2, org.springframework.test.context.event.EventPublishingTestExecutionListener@5ce34685, org.springframework.boot.test.autoconfigure.restdocs.RestDocsTestExecutionListener@54aacbc7, org.springframework.boot.test.autoconfigure.web.client.MockRestServiceServerResetTestExecutionListener@198d55de, org.springframework.boot.test.autoconfigure.web.servlet.MockMvcPrintOnlyOnFailureTestExecutionListener@3fe70a2d, org.springframework.boot.test.autoconfigure.web.servlet.WebDriverTestExecutionListener@79f6b43a, org.springframework.boot.test.autoconfigure.webservices.client.MockWebServiceServerTestExecutionListener@7b80ac30, org.springframework.boot.test.mock.mockito.ResetMocksTestExecutionListener@8d0253b]
]]></system-out>
  <system-err><![CDATA[]]></system-err>
</testsuite>
