<?xml version="1.0" encoding="UTF-8"?>
<testsuite name="com.fullcycle.admin.catalogo.infrastructure.category.models.CategoryListResponseTest" tests="1" skipped="0" failures="0" errors="0" timestamp="2022-06-27T18:13:06" hostname="damatta" time="0.07">
  <properties/>
  <testcase name="testMarshall()" classname="com.fullcycle.admin.catalogo.infrastructure.category.models.CategoryListResponseTest" time="0.07"/>
  <system-out><![CDATA[2022-06-27 15:13:06.710  INFO 25609 --- [    Test worker] o.s.b.t.a.j.JsonTestContextBootstrapper  : Neither @ContextConfiguration nor @ContextHierarchy found for test class [com.fullcycle.admin.catalogo.infrastructure.category.models.CategoryListResponseTest], using SpringBootContextLoader
2022-06-27 15:13:06.711  INFO 25609 --- [    Test worker] o.s.t.c.support.AbstractContextLoader    : Could not detect default resource locations for test class [com.fullcycle.admin.catalogo.infrastructure.category.models.CategoryListResponseTest]: no resource found for suffixes {-context.xml, Context.groovy}.
2022-06-27 15:13:06.711  INFO 25609 --- [    Test worker] t.c.s.AnnotationConfigContextLoaderUtils : Could not detect default configuration classes for test class [com.fullcycle.admin.catalogo.infrastructure.category.models.CategoryListResponseTest]: CategoryListResponseTest does not declare any static, non-private, non-final, nested classes annotated with @Configuration.
2022-06-27 15:13:06.717  INFO 25609 --- [    Test worker] .b.t.c.SpringBootTestContextBootstrapper : Found @SpringBootConfiguration com.fullcycle.admin.catalogo.infrastructure.Main for test class com.fullcycle.admin.catalogo.infrastructure.category.models.CategoryListResponseTest
2022-06-27 15:13:06.719  INFO 25609 --- [    Test worker] o.s.b.t.a.j.JsonTestContextBootstrapper  : Loaded default TestExecutionListener class names from location [META-INF/spring.factories]: [org.springframework.boot.test.autoconfigure.restdocs.RestDocsTestExecutionListener, org.springframework.boot.test.autoconfigure.web.client.MockRestServiceServerResetTestExecutionListener, org.springframework.boot.test.autoconfigure.web.servlet.MockMvcPrintOnlyOnFailureTestExecutionListener, org.springframework.boot.test.autoconfigure.web.servlet.WebDriverTestExecutionListener, org.springframework.boot.test.autoconfigure.webservices.client.MockWebServiceServerTestExecutionListener, org.springframework.boot.test.mock.mockito.MockitoTestExecutionListener, org.springframework.boot.test.mock.mockito.ResetMocksTestExecutionListener, org.springframework.test.context.web.ServletTestExecutionListener, org.springframework.test.context.support.DirtiesContextBeforeModesTestExecutionListener, org.springframework.test.context.event.ApplicationEventsTestExecutionListener, org.springframework.test.context.support.DependencyInjectionTestExecutionListener, org.springframework.test.context.support.DirtiesContextTestExecutionListener, org.springframework.test.context.transaction.TransactionalTestExecutionListener, org.springframework.test.context.jdbc.SqlScriptsTestExecutionListener, org.springframework.test.context.event.EventPublishingTestExecutionListener]
2022-06-27 15:13:06.719  INFO 25609 --- [    Test worker] o.s.b.t.a.j.JsonTestContextBootstrapper  : Using TestExecutionListeners: [org.springframework.test.context.web.ServletTestExecutionListener@49620576, org.springframework.test.context.support.DirtiesContextBeforeModesTestExecutionListener@3397c8c0, org.springframework.test.context.event.ApplicationEventsTestExecutionListener@22b581a5, org.springframework.boot.test.mock.mockito.MockitoTestExecutionListener@3a917e07, org.springframework.boot.test.autoconfigure.SpringBootDependencyInjectionTestExecutionListener@63019596, org.springframework.test.context.support.DirtiesContextTestExecutionListener@6edd80fe, org.springframework.test.context.transaction.TransactionalTestExecutionListener@60eb9c29, org.springframework.test.context.jdbc.SqlScriptsTestExecutionListener@51bba775, org.springframework.test.context.event.EventPublishingTestExecutionListener@3e7935f1, org.springframework.boot.test.autoconfigure.restdocs.RestDocsTestExecutionListener@3c2188b0, org.springframework.boot.test.autoconfigure.web.client.MockRestServiceServerResetTestExecutionListener@9751c9, org.springframework.boot.test.autoconfigure.web.servlet.MockMvcPrintOnlyOnFailureTestExecutionListener@c1bcea1, org.springframework.boot.test.autoconfigure.web.servlet.WebDriverTestExecutionListener@7bbab46e, org.springframework.boot.test.autoconfigure.webservices.client.MockWebServiceServerTestExecutionListener@4beec7a1, org.springframework.boot.test.mock.mockito.ResetMocksTestExecutionListener@71cdde0c]

  .   ____          _            __ _ _
 /\\ / ___'_ __ _ _(_)_ __  __ _ \ \ \ \
( ( )\___ | '_ | '_| | '_ \/ _` | \ \ \ \
 \\/  ___)| |_)| | | | | || (_| |  ) ) ) )
  '  |____| .__|_| |_|_| |_\__, | / / / /
 =========|_|==============|___/=/_/_/_/
 :: Spring Boot ::                (v2.6.7)

2022-06-27 15:13:06.753  INFO 25609 --- [    Test worker] c.f.a.c.i.c.m.CategoryListResponseTest   : Starting CategoryListResponseTest using Java 17.0.2 on damatta with PID 25609 (started by alexandre in /home/alexandre/hd/fullcycle/codeflix/fc3-admin-do-catalogo/infrastructure)
2022-06-27 15:13:06.753  INFO 25609 --- [    Test worker] c.f.a.c.i.c.m.CategoryListResponseTest   : The following 1 profile is active: "test-integration"
2022-06-27 15:13:06.917  INFO 25609 --- [    Test worker] c.f.a.c.i.c.m.CategoryListResponseTest   : Started CategoryListResponseTest in 0.196 seconds (JVM running for 7.795)
]]></system-out>
  <system-err><![CDATA[]]></system-err>
</testsuite>
