<?xml version="1.0" encoding="UTF-8"?>
<testsuite name="com.fullcycle.admin.catalogo.infrastructure.category.models.CreateCategoryRequestTest" tests="2" skipped="0" failures="0" errors="0" timestamp="2022-06-27T18:13:07" hostname="damatta" time="0.022">
  <properties/>
  <testcase name="testMarshall()" classname="com.fullcycle.admin.catalogo.infrastructure.category.models.CreateCategoryRequestTest" time="0.013"/>
  <testcase name="testUnmarshall()" classname="com.fullcycle.admin.catalogo.infrastructure.category.models.CreateCategoryRequestTest" time="0.007"/>
  <system-out><![CDATA[2022-06-27 15:13:07.086  INFO 25609 --- [    Test worker] o.s.b.t.a.j.JsonTestContextBootstrapper  : Neither @ContextConfiguration nor @ContextHierarchy found for test class [com.fullcycle.admin.catalogo.infrastructure.category.models.CreateCategoryRequestTest], using SpringBootContextLoader
2022-06-27 15:13:07.087  INFO 25609 --- [    Test worker] o.s.t.c.support.AbstractContextLoader    : Could not detect default resource locations for test class [com.fullcycle.admin.catalogo.infrastructure.category.models.CreateCategoryRequestTest]: no resource found for suffixes {-context.xml, Context.groovy}.
2022-06-27 15:13:07.087  INFO 25609 --- [    Test worker] t.c.s.AnnotationConfigContextLoaderUtils : Could not detect default configuration classes for test class [com.fullcycle.admin.catalogo.infrastructure.category.models.CreateCategoryRequestTest]: CreateCategoryRequestTest does not declare any static, non-private, non-final, nested classes annotated with @Configuration.
2022-06-27 15:13:07.091  INFO 25609 --- [    Test worker] .b.t.c.SpringBootTestContextBootstrapper : Found @SpringBootConfiguration com.fullcycle.admin.catalogo.infrastructure.Main for test class com.fullcycle.admin.catalogo.infrastructure.category.models.CreateCategoryRequestTest
2022-06-27 15:13:07.092  INFO 25609 --- [    Test worker] o.s.b.t.a.j.JsonTestContextBootstrapper  : Loaded default TestExecutionListener class names from location [META-INF/spring.factories]: [org.springframework.boot.test.autoconfigure.restdocs.RestDocsTestExecutionListener, org.springframework.boot.test.autoconfigure.web.client.MockRestServiceServerResetTestExecutionListener, org.springframework.boot.test.autoconfigure.web.servlet.MockMvcPrintOnlyOnFailureTestExecutionListener, org.springframework.boot.test.autoconfigure.web.servlet.WebDriverTestExecutionListener, org.springframework.boot.test.autoconfigure.webservices.client.MockWebServiceServerTestExecutionListener, org.springframework.boot.test.mock.mockito.MockitoTestExecutionListener, org.springframework.boot.test.mock.mockito.ResetMocksTestExecutionListener, org.springframework.test.context.web.ServletTestExecutionListener, org.springframework.test.context.support.DirtiesContextBeforeModesTestExecutionListener, org.springframework.test.context.event.ApplicationEventsTestExecutionListener, org.springframework.test.context.support.DependencyInjectionTestExecutionListener, org.springframework.test.context.support.DirtiesContextTestExecutionListener, org.springframework.test.context.transaction.TransactionalTestExecutionListener, org.springframework.test.context.jdbc.SqlScriptsTestExecutionListener, org.springframework.test.context.event.EventPublishingTestExecutionListener]
2022-06-27 15:13:07.093  INFO 25609 --- [    Test worker] o.s.b.t.a.j.JsonTestContextBootstrapper  : Using TestExecutionListeners: [org.springframework.test.context.web.ServletTestExecutionListener@19598b38, org.springframework.test.context.support.DirtiesContextBeforeModesTestExecutionListener@5d16bb07, org.springframework.test.context.event.ApplicationEventsTestExecutionListener@233bfc46, org.springframework.boot.test.mock.mockito.MockitoTestExecutionListener@3612a60d, org.springframework.boot.test.autoconfigure.SpringBootDependencyInjectionTestExecutionListener@6347ebbc, org.springframework.test.context.support.DirtiesContextTestExecutionListener@b61aa50, org.springframework.test.context.transaction.TransactionalTestExecutionListener@77c4aeb6, org.springframework.test.context.jdbc.SqlScriptsTestExecutionListener@54455c8d, org.springframework.test.context.event.EventPublishingTestExecutionListener@80347b2, org.springframework.boot.test.autoconfigure.restdocs.RestDocsTestExecutionListener@eb65fc8, org.springframework.boot.test.autoconfigure.web.client.MockRestServiceServerResetTestExecutionListener@5cd5e1b6, org.springframework.boot.test.autoconfigure.web.servlet.MockMvcPrintOnlyOnFailureTestExecutionListener@220a7f95, org.springframework.boot.test.autoconfigure.web.servlet.WebDriverTestExecutionListener@302692b1, org.springframework.boot.test.autoconfigure.webservices.client.MockWebServiceServerTestExecutionListener@c52c362, org.springframework.boot.test.mock.mockito.ResetMocksTestExecutionListener@7f794b0f]
]]></system-out>
  <system-err><![CDATA[]]></system-err>
</testsuite>
